Traceback (most recent call last):
  File "/usr/local/lib/python3.9/site-packages/pymysql/connections.py", line 613, in connect
    sock = socket.create_connection(
  File "/usr/local/lib/python3.9/socket.py", line 844, in create_connection
    raise err
  File "/usr/local/lib/python3.9/socket.py", line 832, in create_connection
    sock.connect(sa)
OSError: [Errno 99] Cannot assign requested address

During handling of the above exception, another exception occurred:

Traceback (most recent call last):
  File "/work_dir/scripts/python/extract_csv_evento_etl_carga.py", line 4, in <module>
    connection = utils.connect()
  File "/usr/local/lib/python3.9/site-packages/dtamg_py/utils.py", line 23, in connect
    result = pymysql.connect(host=os.environ.get('DB_HOST'),
  File "/usr/local/lib/python3.9/site-packages/pymysql/connections.py", line 353, in __init__
    self.connect()
  File "/usr/local/lib/python3.9/site-packages/pymysql/connections.py", line 664, in connect
    raise exc
pymysql.err.OperationalError: (2003, "Can't connect to MySQL server on 'localhost' ([Errno 99] Cannot assign requested address)")
